Performing C++ SOURCE FILE Test CMAKE_HAVE_LIBC_PTHREAD failed with the following output:
Change Dir: /home/nvidia/Desktop/xulinjie/yolop-yolo11/build/CMakeFiles/CMakeTmp

Run Build Command(s):/usr/bin/make cmTC_a92f9/fast && /usr/bin/make -f CMakeFiles/cmTC_a92f9.dir/build.make CMakeFiles/cmTC_a92f9.dir/build
make[1]: Entering directory '/home/nvidia/Desktop/xulinjie/yolop-yolo11/build/CMakeFiles/CMakeTmp'
Building CXX object CMakeFiles/cmTC_a92f9.dir/src.cxx.o
/usr/bin/c++    -DCMAKE_HAVE_LIBC_PTHREAD   -std=gnu++11 -o CMakeFiles/cmTC_a92f9.dir/src.cxx.o -c /home/nvidia/Desktop/xulinjie/yolop-yolo11/build/CMakeFiles/CMakeTmp/src.cxx
Linking CXX executable cmTC_a92f9
/usr/bin/cmake -E cmake_link_script CMakeFiles/cmTC_a92f9.dir/link.txt --verbose=1
/usr/bin/c++   -DCMAKE_HAVE_LIBC_PTHREAD    CMakeFiles/cmTC_a92f9.dir/src.cxx.o  -o cmTC_a92f9 
/usr/bin/ld: CMakeFiles/cmTC_a92f9.dir/src.cxx.o: in function `main':
src.cxx:(.text+0x48): undefined reference to `pthread_create'
/usr/bin/ld: src.cxx:(.text+0x50): undefined reference to `pthread_detach'
/usr/bin/ld: src.cxx:(.text+0x5c): undefined reference to `pthread_join'
collect2: error: ld returned 1 exit status
make[1]: *** [CMakeFiles/cmTC_a92f9.dir/build.make:87: cmTC_a92f9] Error 1
make[1]: Leaving directory '/home/nvidia/Desktop/xulinjie/yolop-yolo11/build/CMakeFiles/CMakeTmp'
make: *** [Makefile:121: cmTC_a92f9/fast] Error 2


Source file was:
#include <pthread.h>

void* test_func(void* data)
{
  return data;
}

int main(void)
{
  pthread_t thread;
  pthread_create(&thread, NULL, test_func, NULL);
  pthread_detach(thread);
  pthread_join(thread, NULL);
  pthread_atfork(NULL, NULL, NULL);
  pthread_exit(NULL);

  return 0;
}

Determining if the function pthread_create exists in the pthreads failed with the following output:
Change Dir: /home/nvidia/Desktop/xulinjie/yolop-yolo11/build/CMakeFiles/CMakeTmp

Run Build Command(s):/usr/bin/make cmTC_8c8b2/fast && /usr/bin/make -f CMakeFiles/cmTC_8c8b2.dir/build.make CMakeFiles/cmTC_8c8b2.dir/build
make[1]: Entering directory '/home/nvidia/Desktop/xulinjie/yolop-yolo11/build/CMakeFiles/CMakeTmp'
Building CXX object CMakeFiles/cmTC_8c8b2.dir/CheckFunctionExists.cxx.o
/usr/bin/c++    -DCHECK_FUNCTION_EXISTS=pthread_create   -std=gnu++11 -o CMakeFiles/cmTC_8c8b2.dir/CheckFunctionExists.cxx.o -c /home/nvidia/Desktop/xulinjie/yolop-yolo11/build/CMakeFiles/CheckLibraryExists/CheckFunctionExists.cxx
Linking CXX executable cmTC_8c8b2
/usr/bin/cmake -E cmake_link_script CMakeFiles/cmTC_8c8b2.dir/link.txt --verbose=1
/usr/bin/c++   -DCHECK_FUNCTION_EXISTS=pthread_create    CMakeFiles/cmTC_8c8b2.dir/CheckFunctionExists.cxx.o  -o cmTC_8c8b2  -lpthreads 
/usr/bin/ld: cannot find -lpthreads
collect2: error: ld returned 1 exit status
make[1]: *** [CMakeFiles/cmTC_8c8b2.dir/build.make:87: cmTC_8c8b2] Error 1
make[1]: Leaving directory '/home/nvidia/Desktop/xulinjie/yolop-yolo11/build/CMakeFiles/CMakeTmp'
make: *** [Makefile:121: cmTC_8c8b2/fast] Error 2



